<?xml version="1.0" encoding="UTF-8"?>
<testng-results ignored="0" total="1" passed="1" failed="0" skipped="0">
  <reporter-output>
  </reporter-output>
  <suite started-at="2022-10-12T15:58:13 NPT" name="Default suite" finished-at="2022-10-12T15:58:17 NPT" duration-ms="4317">
    <groups>
    </groups>
    <test started-at="2022-10-12T15:58:13 NPT" name="Default test" finished-at="2022-10-12T15:58:17 NPT" duration-ms="4317">
      <class name="MORU.MORU.login">
        <test-method signature="loginn()[pri:0, instance:MORU.MORU.login@4de4b452]" started-at="2022-10-12T15:58:13 NPT" name="loginn" finished-at="2022-10-12T15:58:17 NPT" duration-ms="4282" status="PASS">
          <reporter-output>
          </reporter-output>
        </test-method> <!-- loginn -->
      </class> <!-- MORU.MORU.login -->
    </test> <!-- Default test -->
  </suite> <!-- Default suite -->
</testng-results>
